# JRE version: OpenJDK Runtime Environment Temurin-17.0.6+10 (17.0.6+10) (build 17.0.6+10)
# Java VM: OpenJDK 64-Bit Server VM Temurin-17.0.6+10 (17.0.6+10, mixed mode, tiered, compressed oops, compressed class ptrs, parallel gc, windows-amd64)
GC Precious Log:
 CPUs: 8 total, 8 available
 Memory: 16051M
 Large Page Support: Disabled
 NUMA Support: Disabled
 Compressed Oops: Enabled (32-bit)
 Alignments: Space 512K, Generation 512K, Heap 2M
 Heap Min Capacity: 100M
 Heap Initial Capacity: 100M
 Heap Max Capacity: 1G
 Pre-touch: Disabled
 Parallel Workers: 8
Heap:
 PSYoungGen      total 19456K, used 7107K [0x00000000eab00000, 0x00000000ec080000, 0x0000000100000000)
  eden space 18432K, 33% used [0x00000000eab00000,0x00000000eb10ee20,0x00000000ebd00000)
  from space 1024K, 88% used [0x00000000ebf00000,0x00000000ebfe1f60,0x00000000ec000000)
  to   space 512K, 0% used [0x00000000ec000000,0x00000000ec000000,0x00000000ec080000)
 ParOldGen       total 68608K, used 33823K [0x00000000c0000000, 0x00000000c4300000, 0x00000000eab00000)
  object space 68608K, 49% used [0x00000000c0000000,0x00000000c2107fb0,0x00000000c4300000)
 Metaspace       used 54855K, committed 55872K, reserved 1105920K
  class space    used 6013K, committed 6464K, reserved 1048576K
GC Heap History (20 events):
Event: 14.859 GC heap before
{Heap before GC invocations=18 (full 2):
 PSYoungGen      total 22528K, used 22464K [0x00000000eab00000, 0x00000000ec500000, 0x0000000100000000)
  eden space 20480K, 100% used [0x00000000eab00000,0x00000000ebf00000,0x00000000ebf00000)
  from space 2048K, 96% used [0x00000000ebf00000,0x00000000ec0f0010,0x00000000ec100000)
  to   space 3072K, 0% used [0x00000000ec200000,0x00000000ec200000,0x00000000ec500000)
 ParOldGen       total 68608K, used 19317K [0x00000000c0000000, 0x00000000c4300000, 0x00000000eab00000)
  object space 68608K, 28% used [0x00000000c0000000,0x00000000c12dd478,0x00000000c4300000)
 Metaspace       used 49871K, committed 50816K, reserved 1097728K
  class space    used 5461K, committed 5888K, reserved 1048576K
}
Event: 14.863 GC heap after
{Heap after GC invocations=18 (full 2):
 PSYoungGen      total 22528K, used 1642K [0x00000000eab00000, 0x00000000ec400000, 0x0000000100000000)
  eden space 20480K, 0% used [0x00000000eab00000,0x00000000eab00000,0x00000000ebf00000)
  from space 2048K, 80% used [0x00000000ec200000,0x00000000ec39a908,0x00000000ec400000)
  to   space 2048K, 0% used [0x00000000ebf00000,0x00000000ebf00000,0x00000000ec100000)
 ParOldGen       total 68608K, used 21197K [0x00000000c0000000, 0x00000000c4300000, 0x00000000eab00000)
  object space 68608K, 30% used [0x00000000c0000000,0x00000000c14b3488,0x00000000c4300000)
 Metaspace       used 49871K, committed 50816K, reserved 1097728K
  class space    used 5461K, committed 5888K, reserved 1048576K
}
Event: 14.920 GC heap before
{Heap before GC invocations=19 (full 2):
 PSYoungGen      total 22528K, used 22122K [0x00000000eab00000, 0x00000000ec400000, 0x0000000100000000)
  eden space 20480K, 100% used [0x00000000eab00000,0x00000000ebf00000,0x00000000ebf00000)
  from space 2048K, 80% used [0x00000000ec200000,0x00000000ec39a908,0x00000000ec400000)
  to   space 2048K, 0% used [0x00000000ebf00000,0x00000000ebf00000,0x00000000ec100000)
 ParOldGen       total 68608K, used 21197K [0x00000000c0000000, 0x00000000c4300000, 0x00000000eab00000)
  object space 68608K, 30% used [0x00000000c0000000,0x00000000c14b3488,0x00000000c4300000)
 Metaspace       used 50115K, committed 51072K, reserved 1097728K
  class space    used 5491K, committed 5952K, reserved 1048576K
}
Event: 14.922 GC heap after
{Heap after GC invocations=19 (full 2):
 PSYoungGen      total 22528K, used 2016K [0x00000000eab00000, 0x00000000ec800000, 0x0000000100000000)
  eden space 20480K, 0% used [0x00000000eab00000,0x00000000eab00000,0x00000000ebf00000)
  from space 2048K, 98% used [0x00000000ebf00000,0x00000000ec0f8020,0x00000000ec100000)
  to   space 4608K, 0% used [0x00000000ec380000,0x00000000ec380000,0x00000000ec800000)
 ParOldGen       total 68608K, used 23138K [0x00000000c0000000, 0x00000000c4300000, 0x00000000eab00000)
  object space 68608K, 33% used [0x00000000c0000000,0x00000000c1698b20,0x00000000c4300000)
 Metaspace       used 50115K, committed 51072K, reserved 1097728K
  class space    used 5491K, committed 5952K, reserved 1048576K
}
Event: 14.949 GC heap before
{Heap before GC invocations=20 (full 2):
 PSYoungGen      total 22528K, used 22496K [0x00000000eab00000, 0x00000000ec800000, 0x0000000100000000)
  eden space 20480K, 100% used [0x00000000eab00000,0x00000000ebf00000,0x00000000ebf00000)
  from space 2048K, 98% used [0x00000000ebf00000,0x00000000ec0f8020,0x00000000ec100000)
  to   space 4608K, 0% used [0x00000000ec380000,0x00000000ec380000,0x00000000ec800000)
 ParOldGen       total 68608K, used 23138K [0x00000000c0000000, 0x00000000c4300000, 0x00000000eab00000)
  object space 68608K, 33% used [0x00000000c0000000,0x00000000c1698b20,0x00000000c4300000)
 Metaspace       used 50115K, committed 51072K, reserved 1097728K
  class space    used 5491K, committed 5952K, reserved 1048576K
}
Event: 14.953 GC heap after
{Heap after GC invocations=20 (full 2):
 PSYoungGen      total 23040K, used 2144K [0x00000000eab00000, 0x00000000ec600000, 0x0000000100000000)
  eden space 20480K, 0% used [0x00000000eab00000,0x00000000eab00000,0x00000000ebf00000)
  from space 2560K, 83% used [0x00000000ec380000,0x00000000ec598000,0x00000000ec600000)
  to   space 3072K, 0% used [0x00000000ec000000,0x00000000ec000000,0x00000000ec300000)
 ParOldGen       total 68608K, used 25163K [0x00000000c0000000, 0x00000000c4300000, 0x00000000eab00000)
  object space 68608K, 36% used [0x00000000c0000000,0x00000000c1892ca0,0x00000000c4300000)
 Metaspace       used 50115K, committed 51072K, reserved 1097728K
  class space    used 5491K, committed 5952K, reserved 1048576K
}
Event: 14.984 GC heap before
{Heap before GC invocations=21 (full 2):
 PSYoungGen      total 23040K, used 22624K [0x00000000eab00000, 0x00000000ec600000, 0x0000000100000000)
  eden space 20480K, 100% used [0x00000000eab00000,0x00000000ebf00000,0x00000000ebf00000)
  from space 2560K, 83% used [0x00000000ec380000,0x00000000ec598000,0x00000000ec600000)
  to   space 3072K, 0% used [0x00000000ec000000,0x00000000ec000000,0x00000000ec300000)
 ParOldGen       total 68608K, used 25163K [0x00000000c0000000, 0x00000000c4300000, 0x00000000eab00000)
  object space 68608K, 36% used [0x00000000c0000000,0x00000000c1892ca0,0x00000000c4300000)
 Metaspace       used 50115K, committed 51072K, reserved 1097728K
  class space    used 5491K, committed 5952K, reserved 1048576K
}
Event: 14.990 GC heap after
{Heap after GC invocations=21 (full 2):
 PSYoungGen      total 23040K, used 2432K [0x00000000eab00000, 0x00000000ec400000, 0x0000000100000000)
  eden space 20480K, 0% used [0x00000000eab00000,0x00000000eab00000,0x00000000ebf00000)
  from space 2560K, 95% used [0x00000000ec000000,0x00000000ec260010,0x00000000ec280000)
  to   space 1536K, 0% used [0x00000000ec280000,0x00000000ec280000,0x00000000ec400000)
 ParOldGen       total 68608K, used 27267K [0x00000000c0000000, 0x00000000c4300000, 0x00000000eab00000)
  object space 68608K, 39% used [0x00000000c0000000,0x00000000c1aa0ca0,0x00000000c4300000)
 Metaspace       used 50115K, committed 51072K, reserved 1097728K
  class space    used 5491K, committed 5952K, reserved 1048576K
}
Event: 15.093 GC heap before
{Heap before GC invocations=22 (full 2):
 PSYoungGen      total 23040K, used 22912K [0x00000000eab00000, 0x00000000ec400000, 0x0000000100000000)
  eden space 20480K, 100% used [0x00000000eab00000,0x00000000ebf00000,0x00000000ebf00000)
  from space 2560K, 95% used [0x00000000ec000000,0x00000000ec260010,0x00000000ec280000)
  to   space 1536K, 0% used [0x00000000ec280000,0x00000000ec280000,0x00000000ec400000)
 ParOldGen       total 68608K, used 27267K [0x00000000c0000000, 0x00000000c4300000, 0x00000000eab00000)
  object space 68608K, 39% used [0x00000000c0000000,0x00000000c1aa0ca0,0x00000000c4300000)
 Metaspace       used 50854K, committed 51840K, reserved 1097728K
  class space    used 5554K, committed 6016K, reserved 1048576K
}
Event: 15.097 GC heap after
{Heap after GC invocations=22 (full 2):
 PSYoungGen      total 19968K, used 1536K [0x00000000eab00000, 0x00000000eca00000, 0x0000000100000000)
  eden space 18432K, 0% used [0x00000000eab00000,0x00000000eab00000,0x00000000ebd00000)
  from space 1536K, 100% used [0x00000000ec280000,0x00000000ec400000,0x00000000ec400000)
  to   space 5632K, 0% used [0x00000000ebd00000,0x00000000ebd00000,0x00000000ec280000)
 ParOldGen       total 68608K, used 30465K [0x00000000c0000000, 0x00000000c4300000, 0x00000000eab00000)
  object space 68608K, 44% used [0x00000000c0000000,0x00000000c1dc0530,0x00000000c4300000)
 Metaspace       used 50854K, committed 51840K, reserved 1097728K
  class space    used 5554K, committed 6016K, reserved 1048576K
}
Event: 15.546 GC heap before
{Heap before GC invocations=23 (full 2):
 PSYoungGen      total 19968K, used 19968K [0x00000000eab00000, 0x00000000eca00000, 0x0000000100000000)
  eden space 18432K, 100% used [0x00000000eab00000,0x00000000ebd00000,0x00000000ebd00000)
  from space 1536K, 100% used [0x00000000ec280000,0x00000000ec400000,0x00000000ec400000)
  to   space 5632K, 0% used [0x00000000ebd00000,0x00000000ebd00000,0x00000000ec280000)
 ParOldGen       total 68608K, used 30465K [0x00000000c0000000, 0x00000000c4300000, 0x00000000eab00000)
  object space 68608K, 44% used [0x00000000c0000000,0x00000000c1dc0530,0x00000000c4300000)
 Metaspace       used 51618K, committed 52544K, reserved 1097728K
  class space    used 5665K, committed 6080K, reserved 1048576K
}
Event: 15.551 GC heap after
{Heap after GC invocations=23 (full 2):
 PSYoungGen      total 19456K, used 912K [0x00000000eab00000, 0x00000000ec300000, 0x0000000100000000)
  eden space 18432K, 0% used [0x00000000eab00000,0x00000000eab00000,0x00000000ebd00000)
  from space 1024K, 89% used [0x00000000ebd00000,0x00000000ebde4010,0x00000000ebe00000)
  to   space 2560K, 0% used [0x00000000ec080000,0x00000000ec080000,0x00000000ec300000)
 ParOldGen       total 68608K, used 32022K [0x00000000c0000000, 0x00000000c4300000, 0x00000000eab00000)
  object space 68608K, 46% used [0x00000000c0000000,0x00000000c1f45888,0x00000000c4300000)
 Metaspace       used 51618K, committed 52544K, reserved 1097728K
  class space    used 5665K, committed 6080K, reserved 1048576K
}
Event: 15.884 GC heap before
{Heap before GC invocations=24 (full 2):
 PSYoungGen      total 19456K, used 19344K [0x00000000eab00000, 0x00000000ec300000, 0x0000000100000000)
  eden space 18432K, 100% used [0x00000000eab00000,0x00000000ebd00000,0x00000000ebd00000)
  from space 1024K, 89% used [0x00000000ebd00000,0x00000000ebde4010,0x00000000ebe00000)
  to   space 2560K, 0% used [0x00000000ec080000,0x00000000ec080000,0x00000000ec300000)
 ParOldGen       total 68608K, used 32022K [0x00000000c0000000, 0x00000000c4300000, 0x00000000eab00000)
  object space 68608K, 46% used [0x00000000c0000000,0x00000000c1f45888,0x00000000c4300000)
 Metaspace       used 51620K, committed 52544K, reserved 1097728K
  class space    used 5665K, committed 6080K, reserved 1048576K
}
Event: 15.885 GC heap after
{Heap after GC invocations=24 (full 2):
 PSYoungGen      total 18944K, used 160K [0x00000000eab00000, 0x00000000ec100000, 0x0000000100000000)
  eden space 18432K, 0% used [0x00000000eab00000,0x00000000eab00000,0x00000000ebd00000)
  from space 512K, 31% used [0x00000000ec080000,0x00000000ec0a8000,0x00000000ec100000)
  to   space 1024K, 0% used [0x00000000ebf00000,0x00000000ebf00000,0x00000000ec000000)
 ParOldGen       total 68608K, used 32847K [0x00000000c0000000, 0x00000000c4300000, 0x00000000eab00000)
  object space 68608K, 47% used [0x00000000c0000000,0x00000000c2013fb0,0x00000000c4300000)
 Metaspace       used 51620K, committed 52544K, reserved 1097728K
  class space    used 5665K, committed 6080K, reserved 1048576K
}
Event: 16.091 GC heap before
{Heap before GC invocations=25 (full 2):
 PSYoungGen      total 18944K, used 18592K [0x00000000eab00000, 0x00000000ec100000, 0x0000000100000000)
  eden space 18432K, 100% used [0x00000000eab00000,0x00000000ebd00000,0x00000000ebd00000)
  from space 512K, 31% used [0x00000000ec080000,0x00000000ec0a8000,0x00000000ec100000)
  to   space 1024K, 0% used [0x00000000ebf00000,0x00000000ebf00000,0x00000000ec000000)
 ParOldGen       total 68608K, used 32847K [0x00000000c0000000, 0x00000000c4300000, 0x00000000eab00000)
  object space 68608K, 47% used [0x00000000c0000000,0x00000000c2013fb0,0x00000000c4300000)
 Metaspace       used 51930K, committed 52864K, reserved 1097728K
  class space    used 5694K, committed 6144K, reserved 1048576K
}
Event: 16.092 GC heap after
{Heap after GC invocations=25 (full 2):
 PSYoungGen      total 19456K, used 640K [0x00000000eab00000, 0x00000000ec100000, 0x0000000100000000)
  eden space 18432K, 0% used [0x00000000eab00000,0x00000000eab00000,0x00000000ebd00000)
  from space 1024K, 62% used [0x00000000ebf00000,0x00000000ebfa0000,0x00000000ec000000)
  to   space 1024K, 0% used [0x00000000ec000000,0x00000000ec000000,0x00000000ec100000)
 ParOldGen       total 68608K, used 32887K [0x00000000c0000000, 0x00000000c4300000, 0x00000000eab00000)
  object space 68608K, 47% used [0x00000000c0000000,0x00000000c201dfb0,0x00000000c4300000)
 Metaspace       used 51930K, committed 52864K, reserved 1097728K
  class space    used 5694K, committed 6144K, reserved 1048576K
}
Event: 16.664 GC heap before
{Heap before GC invocations=26 (full 2):
 PSYoungGen      total 19456K, used 19071K [0x00000000eab00000, 0x00000000ec100000, 0x0000000100000000)
  eden space 18432K, 99% used [0x00000000eab00000,0x00000000ebcffff8,0x00000000ebd00000)
  from space 1024K, 62% used [0x00000000ebf00000,0x00000000ebfa0000,0x00000000ec000000)
  to   space 1024K, 0% used [0x00000000ec000000,0x00000000ec000000,0x00000000ec100000)
 ParOldGen       total 68608K, used 32887K [0x00000000c0000000, 0x00000000c4300000, 0x00000000eab00000)
  object space 68608K, 47% used [0x00000000c0000000,0x00000000c201dfb0,0x00000000c4300000)
 Metaspace       used 52362K, committed 53312K, reserved 1097728K
  class space    used 5749K, committed 6208K, reserved 1048576K
}
Event: 16.665 GC heap after
{Heap after GC invocations=26 (full 2):
 PSYoungGen      total 19456K, used 663K [0x00000000eab00000, 0x00000000ec100000, 0x0000000100000000)
  eden space 18432K, 0% used [0x00000000eab00000,0x00000000eab00000,0x00000000ebd00000)
  from space 1024K, 64% used [0x00000000ec000000,0x00000000ec0a5c60,0x00000000ec100000)
  to   space 1024K, 0% used [0x00000000ebf00000,0x00000000ebf00000,0x00000000ec000000)
 ParOldGen       total 68608K, used 33431K [0x00000000c0000000, 0x00000000c4300000, 0x00000000eab00000)
  object space 68608K, 48% used [0x00000000c0000000,0x00000000c20a5fb0,0x00000000c4300000)
 Metaspace       used 52362K, committed 53312K, reserved 1097728K
  class space    used 5749K, committed 6208K, reserved 1048576K
}
Event: 24.554 GC heap before
{Heap before GC invocations=27 (full 2):
 PSYoungGen      total 19456K, used 19095K [0x00000000eab00000, 0x00000000ec100000, 0x0000000100000000)
  eden space 18432K, 100% used [0x00000000eab00000,0x00000000ebd00000,0x00000000ebd00000)
  from space 1024K, 64% used [0x00000000ec000000,0x00000000ec0a5c60,0x00000000ec100000)
  to   space 1024K, 0% used [0x00000000ebf00000,0x00000000ebf00000,0x00000000ec000000)
 ParOldGen       total 68608K, used 33431K [0x00000000c0000000, 0x00000000c4300000, 0x00000000eab00000)
  object space 68608K, 48% used [0x00000000c0000000,0x00000000c20a5fb0,0x00000000c4300000)
 Metaspace       used 54256K, committed 55232K, reserved 1105920K
  class space    used 5969K, committed 6400K, reserved 1048576K
}
Event: 24.556 GC heap after
{Heap after GC invocations=27 (full 2):
 PSYoungGen      total 19456K, used 903K [0x00000000eab00000, 0x00000000ec080000, 0x0000000100000000)
  eden space 18432K, 0% used [0x00000000eab00000,0x00000000eab00000,0x00000000ebd00000)
  from space 1024K, 88% used [0x00000000ebf00000,0x00000000ebfe1f60,0x00000000ec000000)
  to   space 512K, 0% used [0x00000000ec000000,0x00000000ec000000,0x00000000ec080000)
 ParOldGen       total 68608K, used 33823K [0x00000000c0000000, 0x00000000c4300000, 0x00000000eab00000)
  object space 68608K, 49% used [0x00000000c0000000,0x00000000c2107fb0,0x00000000c4300000)
 Metaspace       used 54256K, committed 55232K, reserved 1105920K
  class space    used 5969K, committed 6400K, reserved 1048576K
}

