<?xml version="1.0" encoding="UTF-8"?>
<testsuite xmlns:xsi="http://www.w3.org/2001/XMLSchema-instance" xsi:noNamespaceSchemaLocation="https://maven.apache.org/surefire/maven-surefire-plugin/xsd/surefire-test-report.xsd" name="com.campuscollaborate.UserControllerTest" time="0.041" tests="4" errors="0" skipped="0" failures="0">
  <properties>
[...]
</properties>
  <testcase name="testGetUserByIdFound" classname="com.campuscollaborate.UserControllerTest" time="0.036"/>
  <testcase name="testGetAllUsersFound" classname="com.campuscollaborate.UserControllerTest" time="0.002"/>
  <testcase name="testGetAllUsersNotFound" classname="com.campuscollaborate.UserControllerTest" time="0.001"/>
  <testcase name="testGetUserByIdNotFound" classname="com.campuscollaborate.UserControllerTest" time="0.001"/>
</testsuite>