# JRE version: Java(TM) SE Runtime Environment (18.0.2.1+1) (build 18.0.2.1+1-1)
# Java VM: Java HotSpot(TM) 64-Bit Server VM (18.0.2.1+1-1, mixed mode, sharing, tiered, compressed oops, compressed class ptrs, g1 gc, windows-amd64)
GC Precious Log:
 CardTable entry size: 512
 Card Set container configuration: InlinePtr #cards 4 size 8 Array Of Cards #cards 16 size 48 Howl #buckets 8 coarsen threshold 3686 Howl Bitmap #cards 512 size 80 coarsen threshold 460 Card regions per heap region 1 cards per card region 4096
 CPUs: 8 total, 8 available
 Memory: 12026M
 Large Page Support: Disabled
 NUMA Support: Disabled
 Compressed Oops: Enabled (Zero based)
 Heap Region Size: 2M
 Heap Min Capacity: 8M
 Heap Initial Capacity: 188M
 Heap Max Capacity: 3008M
 Pre-touch: Disabled
 Parallel Workers: 8
 Concurrent Workers: 2
 Concurrent Refinement Workers: 8
 Periodic GC: Disabled
Heap:
 garbage-first heap   total 206848K, used 78486K [0x0000000744000000, 0x0000000800000000)
  region size 2048K, 17 young (34816K), 1 survivors (2048K)
 Metaspace       used 33221K, committed 33792K, reserved 1114112K
  class space    used 3554K, committed 3840K, reserved 1048576K
GC Heap History (20 events):
Event: 10.387 GC heap before
{Heap before GC invocations=10 (full 0):
 garbage-first heap   total 77824K, used 56797K [0x0000000744000000, 0x0000000800000000)
  region size 2048K, 13 young (26624K), 1 survivors (2048K)
 Metaspace       used 27227K, committed 27712K, reserved 1114112K
  class space    used 2970K, committed 3200K, reserved 1048576K
}
Event: 10.393 GC heap after
{Heap after GC invocations=11 (full 0):
 garbage-first heap   total 94208K, used 34622K [0x0000000744000000, 0x0000000800000000)
  region size 2048K, 1 young (2048K), 1 survivors (2048K)
 Metaspace       used 27227K, committed 27712K, reserved 1114112K
  class space    used 2970K, committed 3200K, reserved 1048576K
}
Event: 10.626 GC heap before
{Heap before GC invocations=11 (full 0):
 garbage-first heap   total 94208K, used 71486K [0x0000000744000000, 0x0000000800000000)
  region size 2048K, 19 young (38912K), 1 survivors (2048K)
 Metaspace       used 27374K, committed 27904K, reserved 1114112K
  class space    used 2978K, committed 3200K, reserved 1048576K
}
Event: 10.633 GC heap after
{Heap after GC invocations=12 (full 0):
 garbage-first heap   total 94208K, used 35109K [0x0000000744000000, 0x0000000800000000)
  region size 2048K, 1 young (2048K), 1 survivors (2048K)
 Metaspace       used 27374K, committed 27904K, reserved 1114112K
  class space    used 2978K, committed 3200K, reserved 1048576K
}
Event: 11.166 GC heap before
{Heap before GC invocations=12 (full 0):
 garbage-first heap   total 94208K, used 74021K [0x0000000744000000, 0x0000000800000000)
  region size 2048K, 20 young (40960K), 1 survivors (2048K)
 Metaspace       used 27696K, committed 28160K, reserved 1114112K
  class space    used 2985K, committed 3200K, reserved 1048576K
}
Event: 11.176 GC heap after
{Heap after GC invocations=13 (full 0):
 garbage-first heap   total 94208K, used 35483K [0x0000000744000000, 0x0000000800000000)
  region size 2048K, 2 young (4096K), 2 survivors (4096K)
 Metaspace       used 27696K, committed 28160K, reserved 1114112K
  class space    used 2985K, committed 3200K, reserved 1048576K
}
Event: 12.685 GC heap before
{Heap before GC invocations=13 (full 0):
 garbage-first heap   total 94208K, used 70299K [0x0000000744000000, 0x0000000800000000)
  region size 2048K, 20 young (40960K), 2 survivors (4096K)
 Metaspace       used 29691K, committed 30272K, reserved 1114112K
  class space    used 3215K, committed 3520K, reserved 1048576K
}
Event: 12.709 GC heap after
{Heap after GC invocations=14 (full 0):
 garbage-first heap   total 94208K, used 41733K [0x0000000744000000, 0x0000000800000000)
  region size 2048K, 3 young (6144K), 3 survivors (6144K)
 Metaspace       used 29691K, committed 30272K, reserved 1114112K
  class space    used 3215K, committed 3520K, reserved 1048576K
}
Event: 13.459 GC heap before
{Heap before GC invocations=14 (full 0):
 garbage-first heap   total 94208K, used 70405K [0x0000000744000000, 0x0000000800000000)
  region size 2048K, 18 young (36864K), 3 survivors (6144K)
 Metaspace       used 29751K, committed 30336K, reserved 1114112K
  class space    used 3216K, committed 3520K, reserved 1048576K
}
Event: 13.494 GC heap after
{Heap after GC invocations=15 (full 0):
 garbage-first heap   total 114688K, used 51379K [0x0000000744000000, 0x0000000800000000)
  region size 2048K, 3 young (6144K), 3 survivors (6144K)
 Metaspace       used 29751K, committed 30336K, reserved 1114112K
  class space    used 3216K, committed 3520K, reserved 1048576K
}
Event: 14.322 GC heap before
{Heap before GC invocations=15 (full 0):
 garbage-first heap   total 114688K, used 82099K [0x0000000744000000, 0x0000000800000000)
  region size 2048K, 18 young (36864K), 3 survivors (6144K)
 Metaspace       used 30248K, committed 30784K, reserved 1114112K
  class space    used 3260K, committed 3520K, reserved 1048576K
}
Event: 14.338 GC heap after
{Heap after GC invocations=16 (full 0):
 garbage-first heap   total 114688K, used 59745K [0x0000000744000000, 0x0000000800000000)
  region size 2048K, 3 young (6144K), 3 survivors (6144K)
 Metaspace       used 30248K, committed 30784K, reserved 1114112K
  class space    used 3260K, committed 3520K, reserved 1048576K
}
Event: 15.194 GC heap before
{Heap before GC invocations=16 (full 0):
 garbage-first heap   total 114688K, used 82273K [0x0000000744000000, 0x0000000800000000)
  region size 2048K, 15 young (30720K), 3 survivors (6144K)
 Metaspace       used 31291K, committed 31872K, reserved 1114112K
  class space    used 3386K, committed 3712K, reserved 1048576K
}
Event: 15.212 GC heap after
{Heap after GC invocations=17 (full 0):
 garbage-first heap   total 114688K, used 60481K [0x0000000744000000, 0x0000000800000000)
  region size 2048K, 1 young (2048K), 1 survivors (2048K)
 Metaspace       used 31291K, committed 31872K, reserved 1114112K
  class space    used 3386K, committed 3712K, reserved 1048576K
}
Event: 16.109 GC heap before
{Heap before GC invocations=18 (full 0):
 garbage-first heap   total 116736K, used 87105K [0x0000000744000000, 0x0000000800000000)
  region size 2048K, 14 young (28672K), 1 survivors (2048K)
 Metaspace       used 31529K, committed 32128K, reserved 1114112K
  class space    used 3394K, committed 3712K, reserved 1048576K
}
Event: 16.119 GC heap after
{Heap after GC invocations=19 (full 0):
 garbage-first heap   total 116736K, used 61463K [0x0000000744000000, 0x0000000800000000)
  region size 2048K, 1 young (2048K), 1 survivors (2048K)
 Metaspace       used 31529K, committed 32128K, reserved 1114112K
  class space    used 3394K, committed 3712K, reserved 1048576K
}
Event: 16.216 GC heap before
{Heap before GC invocations=19 (full 0):
 garbage-first heap   total 116736K, used 63511K [0x0000000744000000, 0x0000000800000000)
  region size 2048K, 2 young (4096K), 1 survivors (2048K)
 Metaspace       used 31664K, committed 32256K, reserved 1114112K
  class space    used 3402K, committed 3712K, reserved 1048576K
}
Event: 16.240 GC heap after
{Heap after GC invocations=20 (full 0):
 garbage-first heap   total 116736K, used 51172K [0x0000000744000000, 0x0000000800000000)
  region size 2048K, 1 young (2048K), 1 survivors (2048K)
 Metaspace       used 31664K, committed 32256K, reserved 1114112K
  class space    used 3402K, committed 3712K, reserved 1048576K
}
Event: 16.298 GC heap before
{Heap before GC invocations=20 (full 0):
 garbage-first heap   total 116736K, used 53220K [0x0000000744000000, 0x0000000800000000)
  region size 2048K, 2 young (4096K), 1 survivors (2048K)
 Metaspace       used 31852K, committed 32448K, reserved 1114112K
  class space    used 3425K, committed 3712K, reserved 1048576K
}
Event: 16.311 GC heap after
{Heap after GC invocations=21 (full 0):
 garbage-first heap   total 206848K, used 49814K [0x0000000744000000, 0x0000000800000000)
  region size 2048K, 1 young (2048K), 1 survivors (2048K)
 Metaspace       used 31852K, committed 32448K, reserved 1114112K
  class space    used 3425K, committed 3712K, reserved 1048576K
}

